TN:
SF:src/add.js
FN:1,add
FNF:1
FNH:1
FNDA:1,add
DA:1,1
DA:2,1
DA:3,1
DA:4,1
DA:5,1
LF:5
LH:5
BRDA:1,0,0,1
BRF:1
BRH:1
end_of_record
TN:
SF:src/async.js
FN:1,fetchProduct
FNF:1
FNH:1
FNDA:6,fetchProduct
DA:1,6
DA:2,6
DA:3,2
DA:4,2
DA:5,4
DA:6,4
DA:7,1
DA:8,1
LF:8
LH:8
BRDA:1,0,0,6
BRDA:2,1,0,2
BRDA:5,2,0,4
BRF:3
BRH:3
end_of_record
TN:
SF:src/calculator.js
FN:2,Calculator
FN:6,set
FN:10,clear
FN:14,add
FN:22,subtract
FN:26,multiply
FN:30,divide
FNF:7
FNH:7
FNDA:10,Calculator
FNDA:6,set
FNDA:1,clear
FNDA:2,add
FNDA:1,subtract
FNDA:1,multiply
FNDA:3,divide
DA:1,1
DA:2,1
DA:3,10
DA:4,10
DA:5,1
DA:6,1
DA:7,6
DA:8,6
DA:9,1
DA:10,1
DA:11,1
DA:12,1
DA:13,1
DA:14,1
DA:15,2
DA:16,2
DA:17,1
DA:18,1
DA:19,1
DA:20,1
DA:21,1
DA:22,1
DA:23,1
DA:24,1
DA:25,1
DA:26,1
DA:27,1
DA:28,1
DA:29,1
DA:30,1
DA:31,3
DA:32,3
DA:33,1
DA:34,1
DA:35,1
LF:35
LH:35
BRDA:2,0,0,10
BRDA:6,1,0,6
BRDA:10,2,0,1
BRDA:14,3,0,2
BRDA:16,4,0,1
BRDA:22,5,0,1
BRDA:26,6,0,1
BRDA:30,7,0,3
BRF:8
BRH:8
end_of_record
TN:
SF:src/mock/check/check.js
FN:2,check
FNF:1
FNH:1
FNDA:2,check
DA:1,1
DA:2,2
DA:3,2
DA:4,1
DA:5,1
DA:6,1
DA:7,1
DA:8,2
DA:9,1
DA:10,1
LF:10
LH:10
BRDA:2,0,0,2
BRDA:3,1,0,1
BRF:2
BRH:2
end_of_record
TN:
SF:src/mock/product/product_client.js
FN:2,fetchItems
FNF:1
FNH:0
FNDA:0,fetchItems
DA:1,1
DA:2,1
DA:3,0
DA:4,0
DA:5,0
DA:6,0
DA:7,1
DA:8,1
DA:9,1
LF:9
LH:5
BRF:0
BRH:0
end_of_record
TN:
SF:src/mock/product/product_service_no_di.js
FN:5,ProductService
FN:9,fetchAvailableItems
FNF:2
FNH:2
FNDA:1,ProductService
FNDA:1,fetchAvailableItems
DA:1,1
DA:2,1
DA:3,1
DA:4,1
DA:5,1
DA:6,1
DA:7,1
DA:8,1
DA:9,1
DA:10,1
DA:11,1
DA:12,1
DA:13,1
DA:14,1
DA:15,1
DA:16,1
LF:16
LH:16
BRDA:5,0,0,1
BRDA:9,1,0,1
BRDA:12,2,0,1
BRDA:12,3,0,2
BRF:4
BRH:4
end_of_record
TN:
SF:src/mock/productRefacto/product_service_di.js
FN:3,ProductService
FN:10,fetchAvailableItems
FNF:2
FNH:2
FNDA:1,ProductService
FNDA:1,fetchAvailableItems
DA:1,1
DA:2,1
DA:3,1
DA:4,1
DA:5,1
DA:6,1
DA:7,1
DA:8,1
DA:9,1
DA:10,1
DA:11,1
DA:12,1
DA:13,1
DA:14,1
DA:15,1
DA:16,1
DA:17,1
LF:17
LH:17
BRDA:3,0,0,1
BRDA:10,1,0,1
BRDA:13,2,0,1
BRDA:13,3,0,2
BRF:4
BRH:4
end_of_record
TN:
SF:src/mock/productRefacto/test/stub_product_client.js
FN:4,fetchItems
FNF:1
FNH:1
FNDA:1,fetchItems
DA:1,1
DA:2,1
DA:3,1
DA:4,1
DA:5,1
DA:6,1
DA:7,1
DA:8,1
DA:9,1
DA:10,1
DA:11,1
DA:12,1
LF:12
LH:12
BRDA:4,0,0,1
BRF:1
BRH:1
end_of_record
TN:
SF:src/mock/user/user_client.js
FN:2,login
FNF:1
FNH:0
FNDA:0,login
DA:1,1
DA:2,1
DA:3,0
DA:4,0
DA:5,0
DA:6,0
DA:7,1
DA:8,1
DA:9,1
LF:9
LH:5
BRF:0
BRH:0
end_of_record
TN:
SF:src/mock/user/user_service.js
FN:2,UserService
FN:7,login
FNF:2
FNH:2
FNDA:2,UserService
FNDA:3,login
DA:1,1
DA:2,1
DA:3,2
DA:4,2
DA:5,2
DA:6,1
DA:7,1
DA:8,3
DA:9,2
DA:10,2
DA:11,2
DA:12,2
DA:13,2
DA:14,2
DA:15,2
DA:16,2
DA:17,3
DA:18,1
DA:19,1
DA:20,1
LF:20
LH:20
BRDA:2,0,0,2
BRDA:7,1,0,3
BRDA:8,2,0,2
BRDA:15,3,0,2
BRF:4
BRH:4
end_of_record
TN:
SF:src/stackTDDProject/stack.js
FN:2,Stack
FN:6,size
FN:9,push
FN:13,pop
FN:20,peek
FNF:5
FNH:5
FNDA:6,Stack
FNDA:5,size
FNDA:5,push
FNDA:2,pop
FNDA:2,peek
DA:1,1
DA:2,1
DA:3,6
DA:4,6
DA:5,1
DA:6,1
DA:7,5
DA:8,5
DA:9,1
DA:10,5
DA:11,5
DA:12,5
DA:13,1
DA:14,2
DA:15,1
DA:16,1
DA:17,1
DA:18,1
DA:19,1
DA:20,1
DA:21,2
DA:22,1
DA:23,1
DA:24,1
DA:25,1
DA:26,1
DA:27,1
DA:28,1
LF:28
LH:28
BRDA:2,0,0,6
BRDA:6,1,0,5
BRDA:9,2,0,5
BRDA:13,3,0,2
BRDA:14,4,0,1
BRDA:20,5,0,2
BRDA:21,6,0,1
BRF:7
BRH:7
end_of_record
